<?xml version="1.0" encoding="UTF-8"?>
<Site BuildName="Win32-MSBuild"
	BuildStamp="20221212-0854-Experimental"
	Name="Aditya_Ghosh"
	Generator="ctest-3.25.0"
	CompilerName="C:/Program Files (x86)/Microsoft Visual Studio/2022/BuildTools/VC/Tools/MSVC/14.34.31933/bin/Hostx64/x64/cl.exe"
	CompilerVersion="19.34.31933.0"
	OSName="Windows"
	Hostname="Aditya_Ghosh"
	OSRelease=" Personal"
	OSVersion=" (Build 22000)"
	OSPlatform="AMD64"
	Is64Bits="1"
	VendorString="GenuineIntel"
	VendorID="Intel Corporation"
	FamilyID="6"
	ModelID="10"
	ProcessorCacheSize="-1"
	NumberOfLogicalCPU="16"
	NumberOfPhysicalCPU="12"
	TotalVirtualMemory="24792"
	TotalPhysicalMemory="16088"
	LogicalProcessorsPerPhysical="1"
	ProcessorClockFrequency="2112"
	>
	<Testing>
		<StartDateTime>Dec 12 14:24 India Standard Time</StartDateTime>
		<StartTestTime>1670835278</StartTestTime>
		<TestList/>
		<EndDateTime>Dec 12 14:24 India Standard Time</EndDateTime>
		<EndTestTime>1670835278</EndTestTime>
		<ElapsedMinutes>0</ElapsedMinutes>
	</Testing>
</Site>
